200 OK	identifying
200 OK	identifying spider
200 OK	identifying spider bites
200 OK	spider
200 OK	spider bites
200 OK	bites
200 OK	history
200 OK	history of
200 OK	history of orcas
200 OK	history of orcas island
200 OK	of
200 OK	of orcas
200 OK	of orcas island
200 OK	orcas
200 OK	orcas island
200 OK	island
200 OK	tooth
200 OK	tooth abscess
200 OK	abscess
200 OK	barrett's
200 OK	barrett's esophagus
200 OK	esophagus
200 OK	teddy
200 OK	teddy bears
200 OK	bears
200 OK	patron
200 OK	patron saint
200 OK	patron saint of
200 OK	patron saint of mental
200 OK	patron saint of mental illness
200 OK	saint
200 OK	saint of
200 OK	saint of mental
200 OK	saint of mental illness
200 OK	of
200 OK	of mental
200 OK	of mental illness
200 OK	mental
200 OK	mental illness
200 OK	illness
200 OK	holes
200 OK	holes by
200 OK	holes by louis
200 OK	holes by louis sachar
200 OK	by
200 OK	by louis
200 OK	by louis sachar
200 OK	louis
200 OK	louis sachar
200 OK	sachar
200 OK	hip
200 OK	hip roof
200 OK	roof
200 OK	carpenter
200 OK	carpenter bee
200 OK	bee
200 OK	the
200 OK	the american
200 OK	the american revolutionary
200 OK	american
200 OK	american revolutionary
200 OK	revolutionary
200 OK	folk
200 OK	folk remedies
200 OK	folk remedies sore
200 OK	folk remedies sore throat
200 OK	remedies
200 OK	remedies sore
200 OK	remedies sore throat
200 OK	sore
200 OK	sore throat
200 OK	throat
200 OK	balding
200 OK	balding cure
200 OK	cure
200 OK	evidence
200 OK	evidence for
200 OK	evidence for evolution
200 OK	for
200 OK	for evolution
200 OK	evolution
200 OK	tribe
200 OK	tribe formerly
200 OK	tribe formerly living
200 OK	tribe formerly living in
200 OK	tribe formerly living in alabama
200 OK	formerly
200 OK	formerly living
200 OK	formerly living in
200 OK	formerly living in alabama
200 OK	living
200 OK	living in
200 OK	living in alabama
200 OK	in
200 OK	in alabama
200 OK	alabama
200 OK	F5
200 OK	F5 tornado
200 OK	tornado
200 OK	symptoms
200 OK	symptoms of
200 OK	symptoms of heart
200 OK	symptoms of heart attack
200 OK	of
200 OK	of heart
200 OK	of heart attack
200 OK	heart
200 OK	heart attack
200 OK	attack
200 OK	feliz
200 OK	feliz navidad
200 OK	feliz navidad lyrics
200 OK	navidad
200 OK	navidad lyrics
200 OK	lyrics
200 OK	benefits
200 OK	benefits of
200 OK	benefits of running
200 OK	of
200 OK	of running
200 OK	running
200 OK	marshall
200 OK	marshall county
200 OK	marshall county schools
200 OK	county
200 OK	county schools
200 OK	schools
200 OK	sun
200 OK	sun tzu
200 OK	tzu
200 OK	halloween
200 OK	halloween activities
200 OK	halloween activities for
200 OK	halloween activities for middle
200 OK	halloween activities for middle school
200 OK	activities
200 OK	activities for
200 OK	activities for middle
200 OK	activities for middle school
200 OK	for
200 OK	for middle
200 OK	for middle school
200 OK	middle
200 OK	middle school
200 OK	school
200 OK	dreams
200 OK	dreams interpretation
200 OK	interpretation
200 OK	wilson's
200 OK	wilson's disease
200 OK	disease
200 OK	golf
200 OK	golf instruction
200 OK	instruction
200 OK	uss
200 OK	uss cole
200 OK	cole
200 OK	how
200 OK	how has
200 OK	how has african
200 OK	how has african american
200 OK	how has african american music
200 OK	how has african american music influence
200 OK	how has african american music influence history
200 OK	has
200 OK	has african
200 OK	has african american
200 OK	has african american music
200 OK	has african american music influence
200 OK	has african american music influence history
200 OK	african
200 OK	african american
200 OK	african american music
200 OK	african american music influence
200 OK	african american music influence history
200 OK	american
200 OK	american music
200 OK	american music influence
200 OK	american music influence history
200 OK	music
200 OK	music influence
200 OK	music influence history
200 OK	influence
200 OK	influence history
200 OK	history
200 OK	bewitched
200 OK	bewitched cast
200 OK	cast
200 OK	mister
200 OK	mister rogers
200 OK	rogers
200 OK	game
200 OK	game theory
200 OK	theory
200 OK	view
200 OK	view my
200 OK	view my internet
200 OK	view my internet history
200 OK	my
200 OK	my internet
200 OK	my internet history
200 OK	internet
200 OK	internet history
200 OK	history
200 OK	ketogenic
200 OK	ketogenic diet
200 OK	diet
200 OK	nasa
200 OK	nasa interplanetary
200 OK	nasa interplanetary missions
200 OK	interplanetary
200 OK	interplanetary missions
200 OK	missions
200 OK	hayrides
200 OK	hayrides in
200 OK	hayrides in pa
200 OK	in
200 OK	in pa
200 OK	pa
200 OK	where
200 OK	where to
200 OK	where to find
200 OK	where to find morel
200 OK	where to find morel mushrooms
200 OK	to
200 OK	to find
200 OK	to find morel
200 OK	to find morel mushrooms
200 OK	find
200 OK	find morel
200 OK	find morel mushrooms
200 OK	morel
200 OK	morel mushrooms
200 OK	mushrooms
200 OK	magnesium
200 OK	magnesium rich
200 OK	magnesium rich foods
200 OK	rich
200 OK	rich foods
200 OK	foods
200 OK	common
200 OK	common schizophrenia
200 OK	common schizophrenia drugs
200 OK	schizophrenia
200 OK	schizophrenia drugs
200 OK	drugs
200 OK	carotid
200 OK	carotid cavernous
200 OK	carotid cavernous fistula
200 OK	carotid cavernous fistula treatment
200 OK	cavernous
200 OK	cavernous fistula
200 OK	cavernous fistula treatment
200 OK	fistula
200 OK	fistula treatment
200 OK	treatment
200 OK	fidel
200 OK	fidel castro
200 OK	castro
200 OK	benefits
200 OK	benefits of
200 OK	benefits of yoga
200 OK	of
200 OK	of yoga
200 OK	yoga
200 OK	norway
200 OK	norway spruce
200 OK	spruce
200 OK	sangre
200 OK	sangre de
200 OK	sangre de cristo
200 OK	sangre de cristo mountains
200 OK	de
200 OK	de cristo
200 OK	de cristo mountains
200 OK	cristo
200 OK	cristo mountains
200 OK	mountains
200 OK	history
200 OK	history of
200 OK	history of the
200 OK	history of the electronic
200 OK	history of the electronic medical
200 OK	history of the electronic medical record
200 OK	of
200 OK	of the
200 OK	of the electronic
200 OK	of the electronic medical
200 OK	of the electronic medical record
200 OK	the
200 OK	the electronic
200 OK	the electronic medical
200 OK	the electronic medical record
200 OK	electronic
200 OK	electronic medical
200 OK	electronic medical record
200 OK	medical
200 OK	medical record
200 OK	record
200 OK	educational
200 OK	educational advantages
200 OK	educational advantages of
200 OK	educational advantages of social
200 OK	educational advantages of social networking
200 OK	educational advantages of social networking sites
200 OK	advantages
200 OK	advantages of
200 OK	advantages of social
200 OK	advantages of social networking
200 OK	advantages of social networking sites
200 OK	of
200 OK	of social
200 OK	of social networking
200 OK	of social networking sites
200 OK	social
200 OK	social networking
200 OK	social networking sites
200 OK	networking
200 OK	networking sites
200 OK	sites
200 OK	flowering
200 OK	flowering plants
200 OK	plants
200 OK	how
200 OK	how to
200 OK	how to tie
200 OK	how to tie a
200 OK	how to tie a windsor
200 OK	how to tie a windsor knot
200 OK	to
200 OK	to tie
200 OK	to tie a
200 OK	to tie a windsor
200 OK	to tie a windsor knot
200 OK	tie
200 OK	tie a
200 OK	tie a windsor
200 OK	tie a windsor knot
200 OK	a
200 OK	a windsor
200 OK	a windsor knot
200 OK	windsor
200 OK	windsor knot
200 OK	knot
200 OK	recycling
200 OK	recycling lead
200 OK	recycling lead acid
200 OK	recycling lead acid batteries
200 OK	lead
200 OK	lead acid
200 OK	lead acid batteries
200 OK	acid
200 OK	acid batteries
200 OK	batteries
200 OK	altitude
200 OK	altitude sickness
200 OK	sickness
200 OK	medical
200 OK	medical care
200 OK	medical care and
200 OK	medical care and jehovah's
200 OK	medical care and jehovah's witnesses
200 OK	care
200 OK	care and
200 OK	care and jehovah's
200 OK	care and jehovah's witnesses
200 OK	and
200 OK	and jehovah's
200 OK	and jehovah's witnesses
200 OK	jehovah's
200 OK	jehovah's witnesses
200 OK	witnesses
200 OK	pink
200 OK	pink slime
200 OK	pink slime in
200 OK	pink slime in ground
200 OK	pink slime in ground beef
200 OK	slime
200 OK	slime in
200 OK	slime in ground
200 OK	slime in ground beef
200 OK	in
200 OK	in ground
200 OK	in ground beef
200 OK	ground
200 OK	ground beef
200 OK	beef
200 OK	how
200 OK	how to
200 OK	how to find
200 OK	how to find the
200 OK	how to find the mean
200 OK	to
200 OK	to find
200 OK	to find the
200 OK	to find the mean
200 OK	find
200 OK	find the
200 OK	find the mean
200 OK	the
200 OK	the mean
200 OK	mean